0 info it worked if it ends with ok
1 verbose cli [ 'node', '/usr/local/bin/npm', 'install', 'angularjs' ]
2 info using npm@2.11.2
3 info using node@v0.12.5
4 verbose install initial load of /Users/hungphongbk/PhpstormProjects/ulibi/package.json
5 verbose installManyTop reading scoped package data from /Users/hungphongbk/PhpstormProjects/ulibi/node_modules/bootstrap/package.json
6 verbose installManyTop reading scoped package data from /Users/hungphongbk/PhpstormProjects/ulibi/node_modules/gulp/package.json
7 verbose installManyTop reading scoped package data from /Users/hungphongbk/PhpstormProjects/ulibi/node_modules/laravel-elixir/package.json
8 verbose readDependencies loading dependencies from /Users/hungphongbk/PhpstormProjects/ulibi/package.json
9 silly cache add args [ 'angularjs', null ]
10 verbose cache add spec angularjs
11 silly cache add parsed spec { raw: 'angularjs',
11 silly cache add   scope: null,
11 silly cache add   name: 'angularjs',
11 silly cache add   rawSpec: '',
11 silly cache add   spec: '*',
11 silly cache add   type: 'range' }
12 silly addNamed angularjs@*
13 verbose addNamed "*" is a valid semver range for angularjs
14 silly addNameRange { name: 'angularjs', range: '*', hasData: false }
15 silly mapToRegistry name angularjs
16 silly mapToRegistry using default registry
17 silly mapToRegistry registry https://registry.npmjs.org/
18 silly mapToRegistry uri https://registry.npmjs.org/angularjs
19 verbose addNameRange registry:https://registry.npmjs.org/angularjs not in flight; fetching
20 verbose request uri https://registry.npmjs.org/angularjs
21 verbose request no auth needed
22 info attempt registry request try #1 at 3:00:51 PM
23 verbose request id 0305f6646f8d1f2a
24 http request GET https://registry.npmjs.org/angularjs
25 http 200 https://registry.npmjs.org/angularjs
26 silly get cb [ 200,
26 silly get   { server: 'CouchDB/1.5.0 (Erlang OTP/R16B03)',
26 silly get     etag: '"4GQNI425G2RY6XYW2MBONOE8E"',
26 silly get     'content-type': 'application/json',
26 silly get     'cache-control': 'max-age=60',
26 silly get     'content-length': '1861',
26 silly get     'accept-ranges': 'bytes',
26 silly get     date: 'Wed, 26 Aug 2015 08:00:52 GMT',
26 silly get     via: '1.1 varnish',
26 silly get     age: '0',
26 silly get     connection: 'keep-alive',
26 silly get     'x-served-by': 'cache-lax1431-LAX',
26 silly get     'x-cache': 'MISS',
26 silly get     'x-cache-hits': '0',
26 silly get     'x-timer': 'S1440576052.187482,VS0,VE185',
26 silly get     vary: 'Accept' } ]
27 verbose get saving angularjs to /Users/hungphongbk/.npm/registry.npmjs.org/angularjs/.cache.json
28 silly addNameRange number 2 { name: 'angularjs', range: '*', hasData: true }
29 silly addNameRange versions [ 'angularjs', [ '0.0.1' ] ]
30 silly addNamed angularjs@0.0.1
31 verbose addNamed "0.0.1" is a plain semver version for angularjs
32 silly mapToRegistry name angularjs
33 silly mapToRegistry using default registry
34 silly mapToRegistry registry https://registry.npmjs.org/
35 silly mapToRegistry uri https://registry.npmjs.org/angularjs
36 verbose addRemoteTarball https://registry.npmjs.org/angularjs/-/angularjs-0.0.1.tgz not in flight; adding
37 verbose addRemoteTarball [ 'https://registry.npmjs.org/angularjs/-/angularjs-0.0.1.tgz',
37 verbose addRemoteTarball   '496f50c7141515e741ea976de891def0838b3f19' ]
38 info retry fetch attempt 1 at 3:00:52 PM
39 info attempt registry request try #1 at 3:00:52 PM
40 http fetch GET https://registry.npmjs.org/angularjs/-/angularjs-0.0.1.tgz
41 http fetch 200 https://registry.npmjs.org/angularjs/-/angularjs-0.0.1.tgz
42 silly fetchAndShaCheck shasum 496f50c7141515e741ea976de891def0838b3f19
43 verbose addTmpTarball /var/folders/mf/jvn7gy8n6r1bzk1gzws8g1_00000gn/T/npm-1848-f6927ca9/registry.npmjs.org/angularjs/-/angularjs-0.0.1.tgz not in flight; adding
44 verbose addTmpTarball already have metadata; skipping unpack for angularjs@0.0.1
45 silly cache afterAdd angularjs@0.0.1
46 verbose afterAdd /Users/hungphongbk/.npm/angularjs/0.0.1/package/package.json not in flight; writing
47 verbose afterAdd /Users/hungphongbk/.npm/angularjs/0.0.1/package/package.json written
48 silly install resolved [ { name: 'angularjs',
48 silly install resolved     version: '0.0.1',
48 silly install resolved     description: 'Browerify angularjs shim',
48 silly install resolved     main: 'index.js',
48 silly install resolved     scripts: { test: 'node_module/.bin/mocha' },
48 silly install resolved     repository:
48 silly install resolved      { type: 'git',
48 silly install resolved        url: 'https://github.com/eugeneware/angularjs.git' },
48 silly install resolved     keywords:
48 silly install resolved      [ 'angularjs',
48 silly install resolved        'browserify',
48 silly install resolved        'angular',
48 silly install resolved        'angular-js',
48 silly install resolved        'shim',
48 silly install resolved        'bower',
48 silly install resolved        'debowerify' ],
48 silly install resolved     author: { name: 'Eugene Ware', email: 'eugene@noblesamurai.com' },
48 silly install resolved     license: 'BSD-3-Clause',
48 silly install resolved     bugs: { url: 'https://github.com/eugeneware/angularjs/issues' },
48 silly install resolved     devDependencies: { 'expect.js': '~0.2.0', mocha: '~1.12.0' },
48 silly install resolved     _id: 'angularjs@0.0.1',
48 silly install resolved     dist:
48 silly install resolved      { shasum: '496f50c7141515e741ea976de891def0838b3f19',
48 silly install resolved        tarball: 'http://registry.npmjs.org/angularjs/-/angularjs-0.0.1.tgz' },
48 silly install resolved     _from: 'angularjs@*',
48 silly install resolved     _npmVersion: '1.3.8',
48 silly install resolved     _npmUser: { name: 'eugeneware', email: 'eugene@noblesamurai.com' },
48 silly install resolved     maintainers: [ [Object] ],
48 silly install resolved     directories: {},
48 silly install resolved     _shasum: '496f50c7141515e741ea976de891def0838b3f19',
48 silly install resolved     _resolved: 'https://registry.npmjs.org/angularjs/-/angularjs-0.0.1.tgz' } ]
49 info install angularjs@0.0.1 into /Users/hungphongbk/PhpstormProjects/ulibi
50 info installOne angularjs@0.0.1
51 verbose installOne of angularjs to /Users/hungphongbk/PhpstormProjects/ulibi not in flight; installing
52 warn locking Error: EACCES, open '/Users/hungphongbk/.npm/_locks/angularjs-6c09e110623f2344.lock'
52 warn locking     at Error (native)
52 warn locking  /Users/hungphongbk/.npm/_locks/angularjs-6c09e110623f2344.lock failed { [Error: EACCES, open '/Users/hungphongbk/.npm/_locks/angularjs-6c09e110623f2344.lock']
52 warn locking   errno: -13,
52 warn locking   code: 'EACCES',
52 warn locking   path: '/Users/hungphongbk/.npm/_locks/angularjs-6c09e110623f2344.lock' }
53 verbose stack Error: Attempt to unlock /Users/hungphongbk/PhpstormProjects/ulibi/node_modules/angularjs, which hasn't been locked
53 verbose stack     at unlock (/usr/local/lib/node_modules/npm/lib/utils/locker.js:66:11)
53 verbose stack     at cb (/usr/local/lib/node_modules/npm/lib/install.js:1017:5)
53 verbose stack     at /usr/local/lib/node_modules/npm/lib/install.js:1021:20
53 verbose stack     at /usr/local/lib/node_modules/npm/lib/utils/locker.js:40:9
53 verbose stack     at cb (/usr/local/lib/node_modules/npm/node_modules/lockfile/lockfile.js:149:38)
53 verbose stack     at /usr/local/lib/node_modules/npm/node_modules/lockfile/lockfile.js:177:38
53 verbose stack     at FSReqWrap.oncomplete (fs.js:95:15)
54 verbose cwd /Users/hungphongbk/PhpstormProjects/ulibi
55 error Darwin 14.5.0
56 error argv "node" "/usr/local/bin/npm" "install" "angularjs"
57 error node v0.12.5
58 error npm  v2.11.2
59 error Attempt to unlock /Users/hungphongbk/PhpstormProjects/ulibi/node_modules/angularjs, which hasn't been locked
60 error If you need help, you may report this error at:
60 error     <https://github.com/npm/npm/issues>
61 verbose exit [ 1, true ]
